                                      1 ;--------------------------------------------------------
                                      2 ; File Created by SDCC : free open source ANSI-C Compiler
                                      3 ; Version 4.2.0 #13081 (MINGW64)
                                      4 ;--------------------------------------------------------
                                      5 	.module math
                                      6 	.optsdcc -mz80
                                      7 	
                                      8 ;--------------------------------------------------------
                                      9 ; Public variables in this module
                                     10 ;--------------------------------------------------------
                                     11 	.globl _Math_SignedDiv_ASM
                                     12 	.globl _g_RandomSeed16
                                     13 	.globl _g_RandomSeed8
                                     14 	.globl _Math_Div10
                                     15 	.globl _Math_Div10_16b
                                     16 	.globl _Math_Mod10
                                     17 	.globl _Math_Mod10_16b
                                     18 	.globl _Math_Flip
                                     19 	.globl _Math_Flip_16b
                                     20 	.globl _Math_Negative16
                                     21 	.globl _Math_Swap
                                     22 	.globl _Math_SetRandomSeed8
                                     23 	.globl _Math_GetRandom8
                                     24 	.globl _Math_SetRandomSeed16
                                     25 	.globl _Math_GetRandom16
                                     26 ;--------------------------------------------------------
                                     27 ; special function registers
                                     28 ;--------------------------------------------------------
                                     29 ;--------------------------------------------------------
                                     30 ; ram data
                                     31 ;--------------------------------------------------------
                                     32 	.area _DATA
                                     33 ;--------------------------------------------------------
                                     34 ; ram data
                                     35 ;--------------------------------------------------------
                                     36 	.area _INITIALIZED
      000000                         37 _g_RandomSeed8::
      000000                         38 	.ds 2
      000002                         39 _g_RandomSeed16::
      000002                         40 	.ds 2
                                     41 ;--------------------------------------------------------
                                     42 ; absolute external ram data
                                     43 ;--------------------------------------------------------
                                     44 	.area _DABS (ABS)
                                     45 ;--------------------------------------------------------
                                     46 ; global & static initialisations
                                     47 ;--------------------------------------------------------
                                     48 	.area _HOME
                                     49 	.area _GSINIT
                                     50 	.area _GSFINAL
                                     51 	.area _GSINIT
                                     52 ;--------------------------------------------------------
                                     53 ; Home
                                     54 ;--------------------------------------------------------
                                     55 	.area _HOME
                                     56 	.area _HOME
                                     57 ;--------------------------------------------------------
                                     58 ; code
                                     59 ;--------------------------------------------------------
                                     60 	.area _CODE
                                     61 ;C:\MSXgl-main\MSXgl-main\engine/src/math.c:26: i8 Math_Div10(i8 val) __FASTCALL __PRESERVES(a, b, c, iyl, iyh)
                                     62 ;	---------------------------------
                                     63 ; Function Math_Div10
                                     64 ; ---------------------------------
      000000                         65 _Math_Div10::
                                     66 ;C:\MSXgl-main\MSXgl-main\engine/src/math.c:40: __endasm;
      000000 16 00            [ 7]   67 	ld	d, #0
      000002 62               [ 4]   68 	ld	h, d
      000003 5D               [ 4]   69 	ld	e, l
      000004 29               [11]   70 	add	hl, hl
      000005 19               [11]   71 	add	hl, de
      000006 29               [11]   72 	add	hl, hl
      000007 29               [11]   73 	add	hl, hl
      000008 19               [11]   74 	add	hl, de
      000009 29               [11]   75 	add	hl, hl
      00000A 6C               [ 4]   76 	ld	l, h
                                     77 ;C:\MSXgl-main\MSXgl-main\engine/src/math.c:41: }
      00000B C9               [10]   78 	ret
                                     79 ;C:\MSXgl-main\MSXgl-main\engine/src/math.c:45: i16 Math_Div10_16b(i16 val) __FASTCALL __PRESERVES(b, d, e, iyl, iyh)
                                     80 ;	---------------------------------
                                     81 ; Function Math_Div10_16b
                                     82 ; ---------------------------------
      00000C                         83 _Math_Div10_16b::
                                     84 ;C:\MSXgl-main\MSXgl-main\engine/src/math.c:66: __endasm;
      00000C 01 0A 0D         [10]   85 	ld	bc, #0x0D0A
      00000F AF               [ 4]   86 	xor	a
      000010 29               [11]   87 	add	hl, hl
      000011 17               [ 4]   88 	rla
      000012 29               [11]   89 	add	hl, hl
      000013 17               [ 4]   90 	rla
      000014 29               [11]   91 	add	hl, hl
      000015 17               [ 4]   92 	rla
      000016 29               [11]   93 	add	hl, hl
      000017 17               [ 4]   94 	rla
      000018 B9               [ 4]   95 	cp	c
      000019                         96 	 label_0:
      000019 38 02            [12]   97 	jr	c, label_0 + #4
      00001B 91               [ 4]   98 	sub	c
      00001C 2C               [ 4]   99 	inc	l
      00001D                        100 	 label_1:
      00001D 10 F7            [13]  101 	djnz	label_1 - #7
                                    102 ;C:\MSXgl-main\MSXgl-main\engine/src/math.c:67: }
      00001F C9               [10]  103 	ret
                                    104 ;C:\MSXgl-main\MSXgl-main\engine/src/math.c:79: u8 Math_Mod10(u8 val) __PRESERVES(b, c, d, e, iyl, iyh)
                                    105 ;	---------------------------------
                                    106 ; Function Math_Mod10
                                    107 ; ---------------------------------
      000020                        108 _Math_Mod10::
                                    109 ;C:\MSXgl-main\MSXgl-main\engine/src/math.c:99: __endasm;
      000020 67               [ 4]  110 	ld	h, a
      000021 0F               [ 4]  111 	rrca
      000022 0F               [ 4]  112 	rrca
      000023 0F               [ 4]  113 	rrca
      000024 0F               [ 4]  114 	rrca
      000025 84               [ 4]  115 	add	a, h
      000026 CE 00            [ 7]  116 	adc	a, #0
      000028 27               [ 4]  117 	daa
      000029 6F               [ 4]  118 	ld	l, a
      00002A 94               [ 4]  119 	sub	h
      00002B 1F               [ 4]  120 	rra
      00002C 9F               [ 4]  121 	sbc	a, a
      00002D E6 05            [ 7]  122 	and	#5
      00002F 85               [ 4]  123 	add	a, l
      000030 27               [ 4]  124 	daa
      000031 E6 0F            [ 7]  125 	and	#0x0F
                                    126 ;C:\MSXgl-main\MSXgl-main\engine/src/math.c:100: }
      000033 C9               [10]  127 	ret
                                    128 ;C:\MSXgl-main\MSXgl-main\engine/src/math.c:108: u8 Math_Mod10_16b(u16 val) __FASTCALL __PRESERVES(b, c, d, e, iyl, iyh)
                                    129 ;	---------------------------------
                                    130 ; Function Math_Mod10_16b
                                    131 ; ---------------------------------
      000034                        132 _Math_Mod10_16b::
                                    133 ;C:\MSXgl-main\MSXgl-main\engine/src/math.c:132: __endasm;
      000034 7C               [ 4]  134 	ld	a, h
      000035 85               [ 4]  135 	add	a, l
      000036 CE 00            [ 7]  136 	adc	a, #0
      000038 67               [ 4]  137 	ld	h, a
      000039 0F               [ 4]  138 	rrca
      00003A 0F               [ 4]  139 	rrca
      00003B 0F               [ 4]  140 	rrca
      00003C 0F               [ 4]  141 	rrca
      00003D 84               [ 4]  142 	add	a, h
      00003E CE 00            [ 7]  143 	adc	a, #0
      000040 27               [ 4]  144 	daa
      000041 67               [ 4]  145 	ld	h, a
      000042 95               [ 4]  146 	sub	l
      000043 1F               [ 4]  147 	rra
      000044 9F               [ 4]  148 	sbc	a, a
      000045 E6 05            [ 7]  149 	and	#5
      000047 84               [ 4]  150 	add	a, h
      000048 27               [ 4]  151 	daa
      000049 E6 0F            [ 7]  152 	and	#0x0F
      00004B 6F               [ 4]  153 	ld	l, a
                                    154 ;C:\MSXgl-main\MSXgl-main\engine/src/math.c:133: }
      00004C C9               [10]  155 	ret
                                    156 ;C:\MSXgl-main\MSXgl-main\engine/src/math.c:144: u8 Math_Flip(u8 val) __PRESERVES(c, d, e, h, l, iyl, iyh)
                                    157 ;	---------------------------------
                                    158 ; Function Math_Flip
                                    159 ; ---------------------------------
      00004D                        160 _Math_Flip::
                                    161 ;C:\MSXgl-main\MSXgl-main\engine/src/math.c:164: __endasm;
      00004D 47               [ 4]  162 	ld	b, a
      00004E 07               [ 4]  163 	rlca
      00004F 07               [ 4]  164 	rlca
      000050 A8               [ 4]  165 	xor	b
      000051 E6 AA            [ 7]  166 	and	#0xAA
      000053 A8               [ 4]  167 	xor	b
      000054 47               [ 4]  168 	ld	b, a
      000055 07               [ 4]  169 	rlca
      000056 07               [ 4]  170 	rlca
      000057 07               [ 4]  171 	rlca
      000058 CB 08            [ 8]  172 	rrc	b
      00005A A8               [ 4]  173 	xor	b
      00005B E6 66            [ 7]  174 	and	#0x66
      00005D A8               [ 4]  175 	xor	b
                                    176 ;C:\MSXgl-main\MSXgl-main\engine/src/math.c:165: }
      00005E C9               [10]  177 	ret
                                    178 ;C:\MSXgl-main\MSXgl-main\engine/src/math.c:169: u16 Math_Flip_16b(u16 val) __PRESERVES(c, iyl, iyh)
                                    179 ;	---------------------------------
                                    180 ; Function Math_Flip_16b
                                    181 ; ---------------------------------
      00005F                        182 _Math_Flip_16b::
                                    183 ;C:\MSXgl-main\MSXgl-main\engine/src/math.c:179: __endasm;
      00005F 7C               [ 4]  184 	ld	a, h
      000060 CDr4Dr00         [17]  185 	call	_Math_Flip
      000063 5F               [ 4]  186 	ld	e, a
      000064 7D               [ 4]  187 	ld	a, l
      000065 CDr4Dr00         [17]  188 	call	_Math_Flip
      000068 57               [ 4]  189 	ld	d, a
                                    190 ;C:\MSXgl-main\MSXgl-main\engine/src/math.c:180: }
      000069 C9               [10]  191 	ret
                                    192 ;C:\MSXgl-main\MSXgl-main\engine/src/math.c:184: i16 Math_Negative16(i16 val) __FASTCALL __PRESERVES(b, c, d, e, iyl, iyh)
                                    193 ;	---------------------------------
                                    194 ; Function Math_Negative16
                                    195 ; ---------------------------------
      00006A                        196 _Math_Negative16::
                                    197 ;C:\MSXgl-main\MSXgl-main\engine/src/math.c:194: __endasm;
      00006A AF               [ 4]  198 	xor	a
      00006B 95               [ 4]  199 	sub	l
      00006C 6F               [ 4]  200 	ld	l, a
      00006D 9F               [ 4]  201 	sbc	a, a
      00006E 94               [ 4]  202 	sub	h
      00006F 67               [ 4]  203 	ld	h, a
                                    204 ;C:\MSXgl-main\MSXgl-main\engine/src/math.c:195: }
      000070 C9               [10]  205 	ret
                                    206 ;C:\MSXgl-main\MSXgl-main\engine/src/math.c:199: u16 Math_Swap(u16 val) __PRESERVES(a, b, c, iyl, iyh)
                                    207 ;	---------------------------------
                                    208 ; Function Math_Swap
                                    209 ; ---------------------------------
      000071                        210 _Math_Swap::
                                    211 ;C:\MSXgl-main\MSXgl-main\engine/src/math.c:205: __endasm;
      000071 5C               [ 4]  212 	ld	e, h
      000072 55               [ 4]  213 	ld	d, l
                                    214 ;C:\MSXgl-main\MSXgl-main\engine/src/math.c:206: }
      000073 C9               [10]  215 	ret
                                    216 ;C:\MSXgl-main\MSXgl-main\engine/src/math.c:214: void Math_SignedDiv_ASM() __naked __PRESERVES(b, c, d, e, h, l, iyl, iyh)
                                    217 ;	---------------------------------
                                    218 ; Function Math_SignedDiv_ASM
                                    219 ; ---------------------------------
      000074                        220 _Math_SignedDiv_ASM::
                                    221 ;C:\MSXgl-main\MSXgl-main\engine/src/math.c:233: __endasm;
      000074                        222 	 _Math_SignedDiv64::
      000074 CB 2F            [ 8]  223 	sra	a
      000076                        224 	 _Math_SignedDiv32::
      000076 CB 2F            [ 8]  225 	sra	a
      000078                        226 	 _Math_SignedDiv16::
      000078 CB 2F            [ 8]  227 	sra	a
      00007A                        228 	 _Math_SignedDiv8::
      00007A CB 2F            [ 8]  229 	sra	a
      00007C                        230 	 _Math_SignedDiv4::
      00007C CB 2F            [ 8]  231 	sra	a
      00007E                        232 	 _Math_SignedDiv2::
      00007E CB 2F            [ 8]  233 	sra	a
      000080 F0               [11]  234 	ret	p
      000081 3C               [ 4]  235 	inc	a
      000082 C9               [10]  236 	ret
                                    237 ;C:\MSXgl-main\MSXgl-main\engine/src/math.c:234: }
                                    238 ;C:\MSXgl-main\MSXgl-main\engine/src/math.c:303: void Math_SetRandomSeed8(u8 seed) { g_RandomSeed8 = (u16)seed; }
                                    239 ;	---------------------------------
                                    240 ; Function Math_SetRandomSeed8
                                    241 ; ---------------------------------
      000083                        242 _Math_SetRandomSeed8::
      000083 4F               [ 4]  243 	ld	c, a
      000084 FD 21r00r00      [14]  244 	ld	iy, #_g_RandomSeed8
      000088 FD 71 00         [19]  245 	ld	0 (iy), c
      00008B FD 36 01 00      [19]  246 	ld	1 (iy), #0x00
      00008F C9               [10]  247 	ret
                                    248 ;C:\MSXgl-main\MSXgl-main\engine/src/math.c:308: u8 Math_GetRandom8()
                                    249 ;	---------------------------------
                                    250 ; Function Math_GetRandom8
                                    251 ; ---------------------------------
      000090                        252 _Math_GetRandom8::
                                    253 ;C:\MSXgl-main\MSXgl-main\engine/src/math.c:332: __endasm;
      000090 2Ar00r00         [16]  254 	ld	hl, (_g_RandomSeed8)
      000093 ED 5F            [ 9]  255 	ld	a, r
      000095 57               [ 4]  256 	ld	d, a
      000096 5F               [ 4]  257 	ld	e, a
      000097 19               [11]  258 	add	hl, de
      000098 AD               [ 4]  259 	xor	l
      000099 87               [ 4]  260 	add	a
      00009A AC               [ 4]  261 	xor	h
      00009B 6F               [ 4]  262 	ld	l, a
      00009C 22r00r00         [16]  263 	ld	(_g_RandomSeed8), hl
                                    264 ;C:\MSXgl-main\MSXgl-main\engine/src/math.c:333: }
      00009F C9               [10]  265 	ret
                                    266 ;C:\MSXgl-main\MSXgl-main\engine/src/math.c:396: void Math_SetRandomSeed16(u16 seed)
                                    267 ;	---------------------------------
                                    268 ; Function Math_SetRandomSeed16
                                    269 ; ---------------------------------
      0000A0                        270 _Math_SetRandomSeed16::
                                    271 ;C:\MSXgl-main\MSXgl-main\engine/src/math.c:398: if(seed)
      0000A0 7C               [ 4]  272 	ld	a, h
      0000A1 B5               [ 4]  273 	or	a, l
      0000A2 28 04            [12]  274 	jr	Z, 00102$
                                    275 ;C:\MSXgl-main\MSXgl-main\engine/src/math.c:399: g_RandomSeed16 = seed;
      0000A4 22r02r00         [16]  276 	ld	(_g_RandomSeed16), hl
      0000A7 C9               [10]  277 	ret
      0000A8                        278 00102$:
                                    279 ;C:\MSXgl-main\MSXgl-main\engine/src/math.c:401: g_RandomSeed16 = 0x7FFF;
      0000A8 21 FF 7F         [10]  280 	ld	hl, #0x7fff
      0000AB 22r02r00         [16]  281 	ld	(_g_RandomSeed16), hl
                                    282 ;C:\MSXgl-main\MSXgl-main\engine/src/math.c:402: }
      0000AE C9               [10]  283 	ret
                                    284 ;C:\MSXgl-main\MSXgl-main\engine/src/math.c:415: u16 Math_GetRandom16() __FASTCALL
                                    285 ;	---------------------------------
                                    286 ; Function Math_GetRandom16
                                    287 ; ---------------------------------
      0000AF                        288 _Math_GetRandom16::
                                    289 ;C:\MSXgl-main\MSXgl-main\engine/src/math.c:435: __endasm;
      0000AF                        290 	 xrnd:
      0000AF 2Ar02r00         [16]  291 	ld	hl, (_g_RandomSeed16)
      0000B2 7C               [ 4]  292 	ld	a, h
      0000B3 1F               [ 4]  293 	rra
      0000B4 7D               [ 4]  294 	ld	a, l
      0000B5 1F               [ 4]  295 	rra
      0000B6 AC               [ 4]  296 	xor	h
      0000B7 67               [ 4]  297 	ld	h, a
      0000B8 7D               [ 4]  298 	ld	a, l
      0000B9 1F               [ 4]  299 	rra
      0000BA 7C               [ 4]  300 	ld	a, h
      0000BB 1F               [ 4]  301 	rra
      0000BC AD               [ 4]  302 	xor	l
      0000BD 6F               [ 4]  303 	ld	l, a
      0000BE AC               [ 4]  304 	xor	h
      0000BF 67               [ 4]  305 	ld	h, a
      0000C0 22r02r00         [16]  306 	ld	(_g_RandomSeed16), hl
                                    307 ;C:\MSXgl-main\MSXgl-main\engine/src/math.c:441: }
      0000C3 C9               [10]  308 	ret
                                    309 	.area _CODE
                                    310 	.area _INITIALIZER
      000000                        311 __xinit__g_RandomSeed8:
      000000 01 00                  312 	.dw #0x0001
      000002                        313 __xinit__g_RandomSeed16:
      000002 01 00                  314 	.dw #0x0001
                                    315 	.area _CABS (ABS)
